

Started GET "/" for 127.0.0.1 at 2023-11-20 22:13:40 +0530

PG::ConnectionBad (connection to server on socket "/var/run/postgresql/.s.PGSQL.5432" failed: fe_sendauth: no password supplied
):
  activerecord (4.2.8) lib/active_record/connection_adapters/postgresql_adapter.rb:651:in `initialize'
  activerecord (4.2.8) lib/active_record/connection_adapters/postgresql_adapter.rb:651:in `new'
  activerecord (4.2.8) lib/active_record/connection_adapters/postgresql_adapter.rb:651:in `connect'
  activerecord (4.2.8) lib/active_record/connection_adapters/postgresql_adapter.rb:242:in `initialize'
  activerecord (4.2.8) lib/active_record/connection_adapters/postgresql_adapter.rb:44:in `new'
  activerecord (4.2.8) lib/active_record/connection_adapters/postgresql_adapter.rb:44:in `postgresql_connection'
  activerecord (4.2.8) lib/active_record/connection_adapters/abstract/connection_pool.rb:438:in `new_connection'
  activerecord (4.2.8) lib/active_record/connection_adapters/abstract/connection_pool.rb:448:in `checkout_new_connection'
  activerecord (4.2.8) lib/active_record/connection_adapters/abstract/connection_pool.rb:422:in `acquire_connection'
  activerecord (4.2.8) lib/active_record/connection_adapters/abstract/connection_pool.rb:349:in `block in checkout'
  /home/neelam/.rvm/rubies/ruby-2.4.10/lib/ruby/2.4.0/monitor.rb:214:in `mon_synchronize'
  activerecord (4.2.8) lib/active_record/connection_adapters/abstract/connection_pool.rb:348:in `checkout'
  activerecord (4.2.8) lib/active_record/connection_adapters/abstract/connection_pool.rb:263:in `block in connection'
  /home/neelam/.rvm/rubies/ruby-2.4.10/lib/ruby/2.4.0/monitor.rb:214:in `mon_synchronize'
  activerecord (4.2.8) lib/active_record/connection_adapters/abstract/connection_pool.rb:262:in `connection'
  activerecord (4.2.8) lib/active_record/connection_adapters/abstract/connection_pool.rb:571:in `retrieve_connection'
  activerecord (4.2.8) lib/active_record/connection_handling.rb:113:in `retrieve_connection'
  activerecord (4.2.8) lib/active_record/connection_handling.rb:87:in `connection'
  activerecord (4.2.8) lib/active_record/migration.rb:383:in `connection'
  activerecord (4.2.8) lib/active_record/migration.rb:370:in `call'
  actionpack (4.2.8) lib/action_dispatch/middleware/callbacks.rb:29:in `block in call'
  activesupport (4.2.8) lib/active_support/callbacks.rb:88:in `__run_callbacks__'
  activesupport (4.2.8) lib/active_support/callbacks.rb:778:in `_run_call_callbacks'
  activesupport (4.2.8) lib/active_support/callbacks.rb:81:in `run_callbacks'
  actionpack (4.2.8) lib/action_dispatch/middleware/callbacks.rb:27:in `call'
  actionpack (4.2.8) lib/action_dispatch/middleware/reloader.rb:73:in `call'
  actionpack (4.2.8) lib/action_dispatch/middleware/remote_ip.rb:78:in `call'
  actionpack (4.2.8) lib/action_dispatch/middleware/debug_exceptions.rb:17:in `call'
  web-console (2.3.0) lib/web_console/middleware.rb:28:in `block in call'
  web-console (2.3.0) lib/web_console/middleware.rb:18:in `catch'
  web-console (2.3.0) lib/web_console/middleware.rb:18:in `call'
  actionpack (4.2.8) lib/action_dispatch/middleware/show_exceptions.rb:30:in `call'
  railties (4.2.8) lib/rails/rack/logger.rb:38:in `call_app'
  railties (4.2.8) lib/rails/rack/logger.rb:20:in `block in call'
  activesupport (4.2.8) lib/active_support/tagged_logging.rb:68:in `block in tagged'
  activesupport (4.2.8) lib/active_support/tagged_logging.rb:26:in `tagged'
  activesupport (4.2.8) lib/active_support/tagged_logging.rb:68:in `tagged'
  railties (4.2.8) lib/rails/rack/logger.rb:20:in `call'
  actionpack (4.2.8) lib/action_dispatch/middleware/request_id.rb:21:in `call'
  rack (1.6.13) lib/rack/methodoverride.rb:22:in `call'
  rack (1.6.13) lib/rack/runtime.rb:18:in `call'
  activesupport (4.2.8) lib/active_support/cache/strategy/local_cache_middleware.rb:28:in `call'
  rack (1.6.13) lib/rack/lock.rb:17:in `call'
  actionpack (4.2.8) lib/action_dispatch/middleware/static.rb:120:in `call'
  rack (1.6.13) lib/rack/sendfile.rb:113:in `call'
  railties (4.2.8) lib/rails/engine.rb:518:in `call'
  railties (4.2.8) lib/rails/application.rb:165:in `call'
  rack (1.6.13) lib/rack/lock.rb:17:in `call'
  rack (1.6.13) lib/rack/content_length.rb:15:in `call'
  rack (1.6.13) lib/rack/handler/webrick.rb:88:in `service'
  /home/neelam/.rvm/rubies/ruby-2.4.10/lib/ruby/2.4.0/webrick/httpserver.rb:140:in `service'
  /home/neelam/.rvm/rubies/ruby-2.4.10/lib/ruby/2.4.0/webrick/httpserver.rb:96:in `run'
  /home/neelam/.rvm/rubies/ruby-2.4.10/lib/ruby/2.4.0/webrick/server.rb:308:in `block in start_thread'


  Rendered /home/neelam/.rvm/gems/ruby-2.4.10/gems/actionpack-4.2.8/lib/action_dispatch/middleware/templates/rescues/_source.erb (5.5ms)
  Rendered /home/neelam/.rvm/gems/ruby-2.4.10/gems/actionpack-4.2.8/lib/action_dispatch/middleware/templates/rescues/_trace.html.erb (1.1ms)
  Rendered /home/neelam/.rvm/gems/ruby-2.4.10/gems/actionpack-4.2.8/lib/action_dispatch/middleware/templates/rescues/_request_and_response.html.erb (0.5ms)
  Rendered /home/neelam/.rvm/gems/ruby-2.4.10/gems/actionpack-4.2.8/lib/action_dispatch/middleware/templates/rescues/diagnostics.html.erb within rescues/layout (18.4ms)
  Rendered /home/neelam/.rvm/gems/ruby-2.4.10/gems/web-console-2.3.0/lib/web_console/templates/_markup.html.erb (0.2ms)
  Rendered /home/neelam/.rvm/gems/ruby-2.4.10/gems/web-console-2.3.0/lib/web_console/templates/_inner_console_markup.html.erb within layouts/inlined_string (0.2ms)
  Rendered /home/neelam/.rvm/gems/ruby-2.4.10/gems/web-console-2.3.0/lib/web_console/templates/_prompt_box_markup.html.erb within layouts/inlined_string (0.2ms)
  Rendered /home/neelam/.rvm/gems/ruby-2.4.10/gems/web-console-2.3.0/lib/web_console/templates/style.css.erb within layouts/inlined_string (0.2ms)
  Rendered /home/neelam/.rvm/gems/ruby-2.4.10/gems/web-console-2.3.0/lib/web_console/templates/console.js.erb within layouts/javascript (15.1ms)
  Rendered /home/neelam/.rvm/gems/ruby-2.4.10/gems/web-console-2.3.0/lib/web_console/templates/main.js.erb within layouts/javascript (0.2ms)
  Rendered /home/neelam/.rvm/gems/ruby-2.4.10/gems/web-console-2.3.0/lib/web_console/templates/error_page.js.erb within layouts/javascript (0.3ms)
  Rendered /home/neelam/.rvm/gems/ruby-2.4.10/gems/web-console-2.3.0/lib/web_console/templates/index.html.erb (28.1ms)
  [1m[36m (9.6ms)[0m  [1mCREATE TABLE "schema_migrations" ("version" character varying NOT NULL) [0m
  [1m[35m (8.3ms)[0m  CREATE UNIQUE INDEX  "unique_schema_migrations" ON "schema_migrations"  ("version")
  [1m[36mActiveRecord::SchemaMigration Load (0.5ms)[0m  [1mSELECT "schema_migrations".* FROM "schema_migrations"[0m


Started GET "/" for 127.0.0.1 at 2023-11-20 22:16:03 +0530
Processing by Rails::WelcomeController#index as HTML
  Rendered /home/neelam/.rvm/gems/ruby-2.4.10/gems/railties-4.2.8/lib/rails/templates/rails/welcome/index.html.erb (0.7ms)
Completed 200 OK in 11ms (Views: 7.6ms | ActiveRecord: 0.0ms)


Started GET "/events" for 127.0.0.1 at 2023-11-20 22:16:23 +0530

ActionController::RoutingError (No route matches [GET] "/events"):
  actionpack (4.2.8) lib/action_dispatch/middleware/debug_exceptions.rb:21:in `call'
  web-console (2.3.0) lib/web_console/middleware.rb:28:in `block in call'
  web-console (2.3.0) lib/web_console/middleware.rb:18:in `catch'
  web-console (2.3.0) lib/web_console/middleware.rb:18:in `call'
  actionpack (4.2.8) lib/action_dispatch/middleware/show_exceptions.rb:30:in `call'
  railties (4.2.8) lib/rails/rack/logger.rb:38:in `call_app'
  railties (4.2.8) lib/rails/rack/logger.rb:20:in `block in call'
  activesupport (4.2.8) lib/active_support/tagged_logging.rb:68:in `block in tagged'
  activesupport (4.2.8) lib/active_support/tagged_logging.rb:26:in `tagged'
  activesupport (4.2.8) lib/active_support/tagged_logging.rb:68:in `tagged'
  railties (4.2.8) lib/rails/rack/logger.rb:20:in `call'
  actionpack (4.2.8) lib/action_dispatch/middleware/request_id.rb:21:in `call'
  rack (1.6.13) lib/rack/methodoverride.rb:22:in `call'
  rack (1.6.13) lib/rack/runtime.rb:18:in `call'
  activesupport (4.2.8) lib/active_support/cache/strategy/local_cache_middleware.rb:28:in `call'
  rack (1.6.13) lib/rack/lock.rb:17:in `call'
  actionpack (4.2.8) lib/action_dispatch/middleware/static.rb:120:in `call'
  rack (1.6.13) lib/rack/sendfile.rb:113:in `call'
  railties (4.2.8) lib/rails/engine.rb:518:in `call'
  railties (4.2.8) lib/rails/application.rb:165:in `call'
  rack (1.6.13) lib/rack/lock.rb:17:in `call'
  rack (1.6.13) lib/rack/content_length.rb:15:in `call'
  rack (1.6.13) lib/rack/handler/webrick.rb:88:in `service'
  /home/neelam/.rvm/rubies/ruby-2.4.10/lib/ruby/2.4.0/webrick/httpserver.rb:140:in `service'
  /home/neelam/.rvm/rubies/ruby-2.4.10/lib/ruby/2.4.0/webrick/httpserver.rb:96:in `run'
  /home/neelam/.rvm/rubies/ruby-2.4.10/lib/ruby/2.4.0/webrick/server.rb:308:in `block in start_thread'


  Rendered /home/neelam/.rvm/gems/ruby-2.4.10/gems/actionpack-4.2.8/lib/action_dispatch/middleware/templates/rescues/_trace.html.erb (0.8ms)
  Rendered /home/neelam/.rvm/gems/ruby-2.4.10/gems/actionpack-4.2.8/lib/action_dispatch/middleware/templates/routes/_route.html.erb (0.3ms)
  Rendered /home/neelam/.rvm/gems/ruby-2.4.10/gems/actionpack-4.2.8/lib/action_dispatch/middleware/templates/routes/_table.html.erb (5.7ms)
  Rendered /home/neelam/.rvm/gems/ruby-2.4.10/gems/actionpack-4.2.8/lib/action_dispatch/middleware/templates/rescues/_request_and_response.html.erb (0.6ms)
  Rendered /home/neelam/.rvm/gems/ruby-2.4.10/gems/actionpack-4.2.8/lib/action_dispatch/middleware/templates/rescues/routing_error.html.erb within rescues/layout (22.3ms)
  Rendered /home/neelam/.rvm/gems/ruby-2.4.10/gems/web-console-2.3.0/lib/web_console/templates/_markup.html.erb (0.2ms)
  Rendered /home/neelam/.rvm/gems/ruby-2.4.10/gems/web-console-2.3.0/lib/web_console/templates/_inner_console_markup.html.erb within layouts/inlined_string (0.5ms)
  Rendered /home/neelam/.rvm/gems/ruby-2.4.10/gems/web-console-2.3.0/lib/web_console/templates/_prompt_box_markup.html.erb within layouts/inlined_string (0.2ms)
  Rendered /home/neelam/.rvm/gems/ruby-2.4.10/gems/web-console-2.3.0/lib/web_console/templates/style.css.erb within layouts/inlined_string (0.1ms)
  Rendered /home/neelam/.rvm/gems/ruby-2.4.10/gems/web-console-2.3.0/lib/web_console/templates/console.js.erb within layouts/javascript (13.6ms)
  Rendered /home/neelam/.rvm/gems/ruby-2.4.10/gems/web-console-2.3.0/lib/web_console/templates/main.js.erb within layouts/javascript (0.2ms)
  Rendered /home/neelam/.rvm/gems/ruby-2.4.10/gems/web-console-2.3.0/lib/web_console/templates/error_page.js.erb within layouts/javascript (0.2ms)
  Rendered /home/neelam/.rvm/gems/ruby-2.4.10/gems/web-console-2.3.0/lib/web_console/templates/index.html.erb (22.8ms)


Started GET "/ruby-2.4.10" for 127.0.0.1 at 2023-11-20 22:17:21 +0530

ActionController::RoutingError (No route matches [GET] "/ruby-2.4.10"):
  actionpack (4.2.8) lib/action_dispatch/middleware/debug_exceptions.rb:21:in `call'
  web-console (2.3.0) lib/web_console/middleware.rb:28:in `block in call'
  web-console (2.3.0) lib/web_console/middleware.rb:18:in `catch'
  web-console (2.3.0) lib/web_console/middleware.rb:18:in `call'
  actionpack (4.2.8) lib/action_dispatch/middleware/show_exceptions.rb:30:in `call'
  railties (4.2.8) lib/rails/rack/logger.rb:38:in `call_app'
  railties (4.2.8) lib/rails/rack/logger.rb:20:in `block in call'
  activesupport (4.2.8) lib/active_support/tagged_logging.rb:68:in `block in tagged'
  activesupport (4.2.8) lib/active_support/tagged_logging.rb:26:in `tagged'
  activesupport (4.2.8) lib/active_support/tagged_logging.rb:68:in `tagged'
  railties (4.2.8) lib/rails/rack/logger.rb:20:in `call'
  actionpack (4.2.8) lib/action_dispatch/middleware/request_id.rb:21:in `call'
  rack (1.6.13) lib/rack/methodoverride.rb:22:in `call'
  rack (1.6.13) lib/rack/runtime.rb:18:in `call'
  activesupport (4.2.8) lib/active_support/cache/strategy/local_cache_middleware.rb:28:in `call'
  rack (1.6.13) lib/rack/lock.rb:17:in `call'
  actionpack (4.2.8) lib/action_dispatch/middleware/static.rb:120:in `call'
  rack (1.6.13) lib/rack/sendfile.rb:113:in `call'
  railties (4.2.8) lib/rails/engine.rb:518:in `call'
  railties (4.2.8) lib/rails/application.rb:165:in `call'
  rack (1.6.13) lib/rack/lock.rb:17:in `call'
  rack (1.6.13) lib/rack/content_length.rb:15:in `call'
  rack (1.6.13) lib/rack/handler/webrick.rb:88:in `service'
  /home/neelam/.rvm/rubies/ruby-2.4.10/lib/ruby/2.4.0/webrick/httpserver.rb:140:in `service'
  /home/neelam/.rvm/rubies/ruby-2.4.10/lib/ruby/2.4.0/webrick/httpserver.rb:96:in `run'
  /home/neelam/.rvm/rubies/ruby-2.4.10/lib/ruby/2.4.0/webrick/server.rb:308:in `block in start_thread'


  Rendered /home/neelam/.rvm/gems/ruby-2.4.10/gems/actionpack-4.2.8/lib/action_dispatch/middleware/templates/rescues/_trace.html.erb (0.9ms)
  Rendered /home/neelam/.rvm/gems/ruby-2.4.10/gems/actionpack-4.2.8/lib/action_dispatch/middleware/templates/routes/_route.html.erb (0.6ms)
  Rendered /home/neelam/.rvm/gems/ruby-2.4.10/gems/actionpack-4.2.8/lib/action_dispatch/middleware/templates/routes/_table.html.erb (0.8ms)
  Rendered /home/neelam/.rvm/gems/ruby-2.4.10/gems/actionpack-4.2.8/lib/action_dispatch/middleware/templates/rescues/_request_and_response.html.erb (0.7ms)
  Rendered /home/neelam/.rvm/gems/ruby-2.4.10/gems/actionpack-4.2.8/lib/action_dispatch/middleware/templates/rescues/routing_error.html.erb within rescues/layout (15.3ms)
  Rendered /home/neelam/.rvm/gems/ruby-2.4.10/gems/web-console-2.3.0/lib/web_console/templates/_markup.html.erb (0.2ms)
  Rendered /home/neelam/.rvm/gems/ruby-2.4.10/gems/web-console-2.3.0/lib/web_console/templates/_inner_console_markup.html.erb within layouts/inlined_string (0.3ms)
  Rendered /home/neelam/.rvm/gems/ruby-2.4.10/gems/web-console-2.3.0/lib/web_console/templates/_prompt_box_markup.html.erb within layouts/inlined_string (0.1ms)
  Rendered /home/neelam/.rvm/gems/ruby-2.4.10/gems/web-console-2.3.0/lib/web_console/templates/style.css.erb within layouts/inlined_string (0.2ms)
  Rendered /home/neelam/.rvm/gems/ruby-2.4.10/gems/web-console-2.3.0/lib/web_console/templates/console.js.erb within layouts/javascript (9.3ms)
  Rendered /home/neelam/.rvm/gems/ruby-2.4.10/gems/web-console-2.3.0/lib/web_console/templates/main.js.erb within layouts/javascript (0.1ms)
  Rendered /home/neelam/.rvm/gems/ruby-2.4.10/gems/web-console-2.3.0/lib/web_console/templates/error_page.js.erb within layouts/javascript (0.1ms)
  Rendered /home/neelam/.rvm/gems/ruby-2.4.10/gems/web-console-2.3.0/lib/web_console/templates/index.html.erb (17.1ms)


Started GET "/events/create_event_a" for 127.0.0.1 at 2023-11-20 22:17:33 +0530
Processing by EventsController#create_event_a as HTML
Completed 200 OK in 1062ms (Views: 0.4ms | ActiveRecord: 0.0ms)


Started GET "/events/" for 127.0.0.1 at 2023-11-20 22:24:41 +0530

ActionController::RoutingError (No route matches [GET] "/events"):
  actionpack (4.2.8) lib/action_dispatch/middleware/debug_exceptions.rb:21:in `call'
  web-console (2.3.0) lib/web_console/middleware.rb:28:in `block in call'
  web-console (2.3.0) lib/web_console/middleware.rb:18:in `catch'
  web-console (2.3.0) lib/web_console/middleware.rb:18:in `call'
  actionpack (4.2.8) lib/action_dispatch/middleware/show_exceptions.rb:30:in `call'
  railties (4.2.8) lib/rails/rack/logger.rb:38:in `call_app'
  railties (4.2.8) lib/rails/rack/logger.rb:20:in `block in call'
  activesupport (4.2.8) lib/active_support/tagged_logging.rb:68:in `block in tagged'
  activesupport (4.2.8) lib/active_support/tagged_logging.rb:26:in `tagged'
  activesupport (4.2.8) lib/active_support/tagged_logging.rb:68:in `tagged'
  railties (4.2.8) lib/rails/rack/logger.rb:20:in `call'
  actionpack (4.2.8) lib/action_dispatch/middleware/request_id.rb:21:in `call'
  rack (1.6.13) lib/rack/methodoverride.rb:22:in `call'
  rack (1.6.13) lib/rack/runtime.rb:18:in `call'
  activesupport (4.2.8) lib/active_support/cache/strategy/local_cache_middleware.rb:28:in `call'
  rack (1.6.13) lib/rack/lock.rb:17:in `call'
  actionpack (4.2.8) lib/action_dispatch/middleware/static.rb:120:in `call'
  rack (1.6.13) lib/rack/sendfile.rb:113:in `call'
  railties (4.2.8) lib/rails/engine.rb:518:in `call'
  railties (4.2.8) lib/rails/application.rb:165:in `call'
  rack (1.6.13) lib/rack/lock.rb:17:in `call'
  rack (1.6.13) lib/rack/content_length.rb:15:in `call'
  rack (1.6.13) lib/rack/handler/webrick.rb:88:in `service'
  /home/neelam/.rvm/rubies/ruby-2.4.10/lib/ruby/2.4.0/webrick/httpserver.rb:140:in `service'
  /home/neelam/.rvm/rubies/ruby-2.4.10/lib/ruby/2.4.0/webrick/httpserver.rb:96:in `run'
  /home/neelam/.rvm/rubies/ruby-2.4.10/lib/ruby/2.4.0/webrick/server.rb:308:in `block in start_thread'


  Rendered /home/neelam/.rvm/gems/ruby-2.4.10/gems/actionpack-4.2.8/lib/action_dispatch/middleware/templates/rescues/_trace.html.erb (0.9ms)
  Rendered /home/neelam/.rvm/gems/ruby-2.4.10/gems/actionpack-4.2.8/lib/action_dispatch/middleware/templates/routes/_route.html.erb (0.6ms)
  Rendered /home/neelam/.rvm/gems/ruby-2.4.10/gems/actionpack-4.2.8/lib/action_dispatch/middleware/templates/routes/_table.html.erb (0.8ms)
  Rendered /home/neelam/.rvm/gems/ruby-2.4.10/gems/actionpack-4.2.8/lib/action_dispatch/middleware/templates/rescues/_request_and_response.html.erb (0.9ms)
  Rendered /home/neelam/.rvm/gems/ruby-2.4.10/gems/actionpack-4.2.8/lib/action_dispatch/middleware/templates/rescues/routing_error.html.erb within rescues/layout (15.3ms)
  Rendered /home/neelam/.rvm/gems/ruby-2.4.10/gems/web-console-2.3.0/lib/web_console/templates/_markup.html.erb (0.2ms)
  Rendered /home/neelam/.rvm/gems/ruby-2.4.10/gems/web-console-2.3.0/lib/web_console/templates/_inner_console_markup.html.erb within layouts/inlined_string (0.2ms)
  Rendered /home/neelam/.rvm/gems/ruby-2.4.10/gems/web-console-2.3.0/lib/web_console/templates/_prompt_box_markup.html.erb within layouts/inlined_string (0.2ms)
  Rendered /home/neelam/.rvm/gems/ruby-2.4.10/gems/web-console-2.3.0/lib/web_console/templates/style.css.erb within layouts/inlined_string (0.2ms)
  Rendered /home/neelam/.rvm/gems/ruby-2.4.10/gems/web-console-2.3.0/lib/web_console/templates/console.js.erb within layouts/javascript (9.9ms)
  Rendered /home/neelam/.rvm/gems/ruby-2.4.10/gems/web-console-2.3.0/lib/web_console/templates/main.js.erb within layouts/javascript (0.1ms)
  Rendered /home/neelam/.rvm/gems/ruby-2.4.10/gems/web-console-2.3.0/lib/web_console/templates/error_page.js.erb within layouts/javascript (0.1ms)
  Rendered /home/neelam/.rvm/gems/ruby-2.4.10/gems/web-console-2.3.0/lib/web_console/templates/index.html.erb (17.7ms)


Started GET "/events/" for 127.0.0.1 at 2023-11-20 22:27:01 +0530

ActionController::RoutingError (No route matches [GET] "/events"):
  actionpack (4.2.8) lib/action_dispatch/middleware/debug_exceptions.rb:21:in `call'
  web-console (2.3.0) lib/web_console/middleware.rb:28:in `block in call'
  web-console (2.3.0) lib/web_console/middleware.rb:18:in `catch'
  web-console (2.3.0) lib/web_console/middleware.rb:18:in `call'
  actionpack (4.2.8) lib/action_dispatch/middleware/show_exceptions.rb:30:in `call'
  railties (4.2.8) lib/rails/rack/logger.rb:38:in `call_app'
  railties (4.2.8) lib/rails/rack/logger.rb:20:in `block in call'
  activesupport (4.2.8) lib/active_support/tagged_logging.rb:68:in `block in tagged'
  activesupport (4.2.8) lib/active_support/tagged_logging.rb:26:in `tagged'
  activesupport (4.2.8) lib/active_support/tagged_logging.rb:68:in `tagged'
  railties (4.2.8) lib/rails/rack/logger.rb:20:in `call'
  actionpack (4.2.8) lib/action_dispatch/middleware/request_id.rb:21:in `call'
  rack (1.6.13) lib/rack/methodoverride.rb:22:in `call'
  rack (1.6.13) lib/rack/runtime.rb:18:in `call'
  activesupport (4.2.8) lib/active_support/cache/strategy/local_cache_middleware.rb:28:in `call'
  rack (1.6.13) lib/rack/lock.rb:17:in `call'
  actionpack (4.2.8) lib/action_dispatch/middleware/static.rb:120:in `call'
  rack (1.6.13) lib/rack/sendfile.rb:113:in `call'
  railties (4.2.8) lib/rails/engine.rb:518:in `call'
  railties (4.2.8) lib/rails/application.rb:165:in `call'
  rack (1.6.13) lib/rack/lock.rb:17:in `call'
  rack (1.6.13) lib/rack/content_length.rb:15:in `call'
  rack (1.6.13) lib/rack/handler/webrick.rb:88:in `service'
  /home/neelam/.rvm/rubies/ruby-2.4.10/lib/ruby/2.4.0/webrick/httpserver.rb:140:in `service'
  /home/neelam/.rvm/rubies/ruby-2.4.10/lib/ruby/2.4.0/webrick/httpserver.rb:96:in `run'
  /home/neelam/.rvm/rubies/ruby-2.4.10/lib/ruby/2.4.0/webrick/server.rb:308:in `block in start_thread'


  Rendered /home/neelam/.rvm/gems/ruby-2.4.10/gems/actionpack-4.2.8/lib/action_dispatch/middleware/templates/rescues/_trace.html.erb (0.9ms)
  Rendered /home/neelam/.rvm/gems/ruby-2.4.10/gems/actionpack-4.2.8/lib/action_dispatch/middleware/templates/routes/_route.html.erb (0.4ms)
  Rendered /home/neelam/.rvm/gems/ruby-2.4.10/gems/actionpack-4.2.8/lib/action_dispatch/middleware/templates/routes/_table.html.erb (0.7ms)
  Rendered /home/neelam/.rvm/gems/ruby-2.4.10/gems/actionpack-4.2.8/lib/action_dispatch/middleware/templates/rescues/_request_and_response.html.erb (0.7ms)
  Rendered /home/neelam/.rvm/gems/ruby-2.4.10/gems/actionpack-4.2.8/lib/action_dispatch/middleware/templates/rescues/routing_error.html.erb within rescues/layout (13.7ms)
  Rendered /home/neelam/.rvm/gems/ruby-2.4.10/gems/web-console-2.3.0/lib/web_console/templates/_markup.html.erb (0.2ms)
  Rendered /home/neelam/.rvm/gems/ruby-2.4.10/gems/web-console-2.3.0/lib/web_console/templates/_inner_console_markup.html.erb within layouts/inlined_string (0.2ms)
  Rendered /home/neelam/.rvm/gems/ruby-2.4.10/gems/web-console-2.3.0/lib/web_console/templates/_prompt_box_markup.html.erb within layouts/inlined_string (0.1ms)
  Rendered /home/neelam/.rvm/gems/ruby-2.4.10/gems/web-console-2.3.0/lib/web_console/templates/style.css.erb within layouts/inlined_string (0.2ms)
  Rendered /home/neelam/.rvm/gems/ruby-2.4.10/gems/web-console-2.3.0/lib/web_console/templates/console.js.erb within layouts/javascript (10.3ms)
  Rendered /home/neelam/.rvm/gems/ruby-2.4.10/gems/web-console-2.3.0/lib/web_console/templates/main.js.erb within layouts/javascript (0.1ms)
  Rendered /home/neelam/.rvm/gems/ruby-2.4.10/gems/web-console-2.3.0/lib/web_console/templates/error_page.js.erb within layouts/javascript (0.1ms)
  Rendered /home/neelam/.rvm/gems/ruby-2.4.10/gems/web-console-2.3.0/lib/web_console/templates/index.html.erb (18.5ms)


Started GET "/" for 127.0.0.1 at 2023-11-20 22:27:04 +0530
Processing by Rails::WelcomeController#index as HTML
  Rendered /home/neelam/.rvm/gems/ruby-2.4.10/gems/railties-4.2.8/lib/rails/templates/rails/welcome/index.html.erb (0.1ms)
Completed 200 OK in 1ms (Views: 0.9ms | ActiveRecord: 0.0ms)


Started GET "/" for 127.0.0.1 at 2023-11-20 22:27:14 +0530
Processing by Rails::WelcomeController#index as HTML
  Rendered /home/neelam/.rvm/gems/ruby-2.4.10/gems/railties-4.2.8/lib/rails/templates/rails/welcome/index.html.erb (0.0ms)
Completed 200 OK in 1ms (Views: 0.5ms | ActiveRecord: 0.0ms)


Started GET "/" for 127.0.0.1 at 2023-11-20 22:28:08 +0530
Processing by Rails::WelcomeController#index as HTML
  Rendered /home/neelam/.rvm/gems/ruby-2.4.10/gems/railties-4.2.8/lib/rails/templates/rails/welcome/index.html.erb (0.7ms)
Completed 200 OK in 8ms (Views: 5.0ms | ActiveRecord: 0.0ms)


Started GET "/" for 127.0.0.1 at 2023-11-20 22:28:10 +0530
Processing by Rails::WelcomeController#index as HTML
  Rendered /home/neelam/.rvm/gems/ruby-2.4.10/gems/railties-4.2.8/lib/rails/templates/rails/welcome/index.html.erb (0.1ms)
Completed 200 OK in 1ms (Views: 1.0ms | ActiveRecord: 0.0ms)


Started GET "/" for 127.0.0.1 at 2023-11-20 22:29:12 +0530
Processing by Rails::WelcomeController#index as HTML
  Rendered /home/neelam/.rvm/gems/ruby-2.4.10/gems/railties-4.2.8/lib/rails/templates/rails/welcome/index.html.erb (0.1ms)
Completed 200 OK in 1ms (Views: 1.1ms | ActiveRecord: 0.0ms)


Started GET "/" for 127.0.0.1 at 2023-11-20 22:29:13 +0530
Processing by Rails::WelcomeController#index as HTML
  Rendered /home/neelam/.rvm/gems/ruby-2.4.10/gems/railties-4.2.8/lib/rails/templates/rails/welcome/index.html.erb (0.1ms)
Completed 200 OK in 1ms (Views: 1.1ms | ActiveRecord: 0.0ms)


Started GET "/" for 127.0.0.1 at 2023-11-20 22:29:14 +0530
Processing by Rails::WelcomeController#index as HTML
  Rendered /home/neelam/.rvm/gems/ruby-2.4.10/gems/railties-4.2.8/lib/rails/templates/rails/welcome/index.html.erb (0.1ms)
Completed 200 OK in 2ms (Views: 1.4ms | ActiveRecord: 0.0ms)


Started GET "/" for 127.0.0.1 at 2023-11-20 22:29:14 +0530
Processing by Rails::WelcomeController#index as HTML
  Rendered /home/neelam/.rvm/gems/ruby-2.4.10/gems/railties-4.2.8/lib/rails/templates/rails/welcome/index.html.erb (0.1ms)
Completed 200 OK in 1ms (Views: 1.0ms | ActiveRecord: 0.0ms)


Started GET "/" for 127.0.0.1 at 2023-11-20 22:29:14 +0530
Processing by Rails::WelcomeController#index as HTML
  Rendered /home/neelam/.rvm/gems/ruby-2.4.10/gems/railties-4.2.8/lib/rails/templates/rails/welcome/index.html.erb (0.1ms)
Completed 200 OK in 1ms (Views: 0.9ms | ActiveRecord: 0.0ms)


Started GET "/" for 127.0.0.1 at 2023-11-20 22:29:14 +0530
Processing by Rails::WelcomeController#index as HTML
  Rendered /home/neelam/.rvm/gems/ruby-2.4.10/gems/railties-4.2.8/lib/rails/templates/rails/welcome/index.html.erb (0.1ms)
Completed 200 OK in 1ms (Views: 0.9ms | ActiveRecord: 0.0ms)


Started GET "/" for 127.0.0.1 at 2023-11-20 22:29:14 +0530
Processing by Rails::WelcomeController#index as HTML
  Rendered /home/neelam/.rvm/gems/ruby-2.4.10/gems/railties-4.2.8/lib/rails/templates/rails/welcome/index.html.erb (0.1ms)
Completed 200 OK in 1ms (Views: 1.0ms | ActiveRecord: 0.0ms)


Started GET "/" for 127.0.0.1 at 2023-11-20 22:29:15 +0530
Processing by Rails::WelcomeController#index as HTML
  Rendered /home/neelam/.rvm/gems/ruby-2.4.10/gems/railties-4.2.8/lib/rails/templates/rails/welcome/index.html.erb (0.1ms)
Completed 200 OK in 1ms (Views: 1.1ms | ActiveRecord: 0.0ms)


Started GET "/" for 127.0.0.1 at 2023-11-20 22:29:15 +0530
Processing by Rails::WelcomeController#index as HTML
  Rendered /home/neelam/.rvm/gems/ruby-2.4.10/gems/railties-4.2.8/lib/rails/templates/rails/welcome/index.html.erb (0.1ms)
Completed 200 OK in 1ms (Views: 1.0ms | ActiveRecord: 0.0ms)


Started GET "/" for 127.0.0.1 at 2023-11-20 22:29:15 +0530
Processing by Rails::WelcomeController#index as HTML
  Rendered /home/neelam/.rvm/gems/ruby-2.4.10/gems/railties-4.2.8/lib/rails/templates/rails/welcome/index.html.erb (0.1ms)
Completed 200 OK in 1ms (Views: 0.8ms | ActiveRecord: 0.0ms)


Started GET "/" for 127.0.0.1 at 2023-11-20 22:29:17 +0530
Processing by Rails::WelcomeController#index as HTML
  Rendered /home/neelam/.rvm/gems/ruby-2.4.10/gems/railties-4.2.8/lib/rails/templates/rails/welcome/index.html.erb (0.1ms)
Completed 200 OK in 1ms (Views: 1.0ms | ActiveRecord: 0.0ms)


Started GET "/" for 127.0.0.1 at 2023-11-20 22:29:18 +0530
Processing by Rails::WelcomeController#index as HTML
  Rendered /home/neelam/.rvm/gems/ruby-2.4.10/gems/railties-4.2.8/lib/rails/templates/rails/welcome/index.html.erb (0.1ms)
Completed 200 OK in 1ms (Views: 1.0ms | ActiveRecord: 0.0ms)


Started GET "/" for 127.0.0.1 at 2023-11-20 22:29:18 +0530
Processing by Rails::WelcomeController#index as HTML
  Rendered /home/neelam/.rvm/gems/ruby-2.4.10/gems/railties-4.2.8/lib/rails/templates/rails/welcome/index.html.erb (0.1ms)
Completed 200 OK in 1ms (Views: 0.7ms | ActiveRecord: 0.0ms)


Started GET "/" for 127.0.0.1 at 2023-11-20 22:29:18 +0530
Processing by Rails::WelcomeController#index as HTML
  Rendered /home/neelam/.rvm/gems/ruby-2.4.10/gems/railties-4.2.8/lib/rails/templates/rails/welcome/index.html.erb (0.1ms)
Completed 200 OK in 1ms (Views: 1.0ms | ActiveRecord: 0.0ms)


Started GET "/" for 127.0.0.1 at 2023-11-20 22:29:19 +0530
Processing by Rails::WelcomeController#index as HTML
  Rendered /home/neelam/.rvm/gems/ruby-2.4.10/gems/railties-4.2.8/lib/rails/templates/rails/welcome/index.html.erb (0.1ms)
Completed 200 OK in 2ms (Views: 1.3ms | ActiveRecord: 0.0ms)


Started GET "/" for 127.0.0.1 at 2023-11-20 22:29:19 +0530
Processing by Rails::WelcomeController#index as HTML
  Rendered /home/neelam/.rvm/gems/ruby-2.4.10/gems/railties-4.2.8/lib/rails/templates/rails/welcome/index.html.erb (0.1ms)
Completed 200 OK in 1ms (Views: 1.2ms | ActiveRecord: 0.0ms)


Started GET "/" for 127.0.0.1 at 2023-11-20 22:29:19 +0530
Processing by Rails::WelcomeController#index as HTML
  Rendered /home/neelam/.rvm/gems/ruby-2.4.10/gems/railties-4.2.8/lib/rails/templates/rails/welcome/index.html.erb (0.1ms)
Completed 200 OK in 1ms (Views: 0.9ms | ActiveRecord: 0.0ms)


Started GET "/" for 127.0.0.1 at 2023-11-20 22:29:19 +0530
Processing by Rails::WelcomeController#index as HTML
  Rendered /home/neelam/.rvm/gems/ruby-2.4.10/gems/railties-4.2.8/lib/rails/templates/rails/welcome/index.html.erb (0.1ms)
Completed 200 OK in 2ms (Views: 1.4ms | ActiveRecord: 0.0ms)


Started GET "/" for 127.0.0.1 at 2023-11-20 22:29:19 +0530
Processing by Rails::WelcomeController#index as HTML
  Rendered /home/neelam/.rvm/gems/ruby-2.4.10/gems/railties-4.2.8/lib/rails/templates/rails/welcome/index.html.erb (0.0ms)
Completed 200 OK in 1ms (Views: 0.6ms | ActiveRecord: 0.0ms)


Started GET "/" for 127.0.0.1 at 2023-11-20 22:29:20 +0530
Processing by Rails::WelcomeController#index as HTML
  Rendered /home/neelam/.rvm/gems/ruby-2.4.10/gems/railties-4.2.8/lib/rails/templates/rails/welcome/index.html.erb (0.1ms)
Completed 200 OK in 1ms (Views: 0.7ms | ActiveRecord: 0.0ms)


Started GET "/" for 127.0.0.1 at 2023-11-20 22:29:20 +0530
Processing by Rails::WelcomeController#index as HTML
  Rendered /home/neelam/.rvm/gems/ruby-2.4.10/gems/railties-4.2.8/lib/rails/templates/rails/welcome/index.html.erb (0.0ms)
Completed 200 OK in 1ms (Views: 0.6ms | ActiveRecord: 0.0ms)


Started GET "/" for 127.0.0.1 at 2023-11-20 22:29:20 +0530
Processing by Rails::WelcomeController#index as HTML
  Rendered /home/neelam/.rvm/gems/ruby-2.4.10/gems/railties-4.2.8/lib/rails/templates/rails/welcome/index.html.erb (0.1ms)
Completed 200 OK in 1ms (Views: 0.9ms | ActiveRecord: 0.0ms)


Started GET "/" for 127.0.0.1 at 2023-11-20 22:29:20 +0530
Processing by Rails::WelcomeController#index as HTML
  Rendered /home/neelam/.rvm/gems/ruby-2.4.10/gems/railties-4.2.8/lib/rails/templates/rails/welcome/index.html.erb (0.1ms)
Completed 200 OK in 1ms (Views: 1.0ms | ActiveRecord: 0.0ms)


Started GET "/" for 127.0.0.1 at 2023-11-20 22:29:20 +0530
Processing by Rails::WelcomeController#index as HTML
  Rendered /home/neelam/.rvm/gems/ruby-2.4.10/gems/railties-4.2.8/lib/rails/templates/rails/welcome/index.html.erb (0.1ms)
Completed 200 OK in 2ms (Views: 1.3ms | ActiveRecord: 0.0ms)


Started GET "/" for 127.0.0.1 at 2023-11-20 22:29:20 +0530
Processing by Rails::WelcomeController#index as HTML
  Rendered /home/neelam/.rvm/gems/ruby-2.4.10/gems/railties-4.2.8/lib/rails/templates/rails/welcome/index.html.erb (0.1ms)
Completed 200 OK in 2ms (Views: 1.6ms | ActiveRecord: 0.0ms)


Started GET "/" for 127.0.0.1 at 2023-11-20 22:29:21 +0530
Processing by Rails::WelcomeController#index as HTML
  Rendered /home/neelam/.rvm/gems/ruby-2.4.10/gems/railties-4.2.8/lib/rails/templates/rails/welcome/index.html.erb (0.1ms)
Completed 200 OK in 1ms (Views: 1.0ms | ActiveRecord: 0.0ms)


Started GET "/" for 127.0.0.1 at 2023-11-20 22:29:21 +0530
Processing by Rails::WelcomeController#index as HTML
  Rendered /home/neelam/.rvm/gems/ruby-2.4.10/gems/railties-4.2.8/lib/rails/templates/rails/welcome/index.html.erb (0.1ms)
Completed 200 OK in 2ms (Views: 1.5ms | ActiveRecord: 0.0ms)


Started GET "/" for 127.0.0.1 at 2023-11-20 22:30:17 +0530
Processing by Rails::WelcomeController#index as HTML
  Rendered /home/neelam/.rvm/gems/ruby-2.4.10/gems/railties-4.2.8/lib/rails/templates/rails/welcome/index.html.erb (0.1ms)
Completed 200 OK in 1ms (Views: 1.1ms | ActiveRecord: 0.0ms)


Started GET "/" for 127.0.0.1 at 2023-11-20 22:30:19 +0530
Processing by Rails::WelcomeController#index as HTML
  Rendered /home/neelam/.rvm/gems/ruby-2.4.10/gems/railties-4.2.8/lib/rails/templates/rails/welcome/index.html.erb (0.0ms)
Completed 200 OK in 1ms (Views: 0.7ms | ActiveRecord: 0.0ms)


Started GET "/" for 127.0.0.1 at 2023-11-20 22:30:28 +0530
Processing by Rails::WelcomeController#index as HTML
  Rendered /home/neelam/.rvm/gems/ruby-2.4.10/gems/railties-4.2.8/lib/rails/templates/rails/welcome/index.html.erb (1.3ms)
Completed 200 OK in 10ms (Views: 6.7ms | ActiveRecord: 0.0ms)


Started GET "/" for 127.0.0.1 at 2023-11-20 22:30:29 +0530
Processing by Rails::WelcomeController#index as HTML
  Rendered /home/neelam/.rvm/gems/ruby-2.4.10/gems/railties-4.2.8/lib/rails/templates/rails/welcome/index.html.erb (0.1ms)
Completed 200 OK in 1ms (Views: 1.1ms | ActiveRecord: 0.0ms)


Started GET "/" for 127.0.0.1 at 2023-11-20 22:30:29 +0530
Processing by Rails::WelcomeController#index as HTML
  Rendered /home/neelam/.rvm/gems/ruby-2.4.10/gems/railties-4.2.8/lib/rails/templates/rails/welcome/index.html.erb (0.1ms)
Completed 200 OK in 1ms (Views: 1.0ms | ActiveRecord: 0.0ms)


Started GET "/" for 127.0.0.1 at 2023-11-20 22:30:29 +0530
Processing by Rails::WelcomeController#index as HTML
  Rendered /home/neelam/.rvm/gems/ruby-2.4.10/gems/railties-4.2.8/lib/rails/templates/rails/welcome/index.html.erb (0.1ms)
Completed 200 OK in 1ms (Views: 1.0ms | ActiveRecord: 0.0ms)


Started GET "/" for 127.0.0.1 at 2023-11-20 22:30:30 +0530
Processing by Rails::WelcomeController#index as HTML
  Rendered /home/neelam/.rvm/gems/ruby-2.4.10/gems/railties-4.2.8/lib/rails/templates/rails/welcome/index.html.erb (0.1ms)
Completed 200 OK in 1ms (Views: 0.9ms | ActiveRecord: 0.0ms)


Started GET "/" for 127.0.0.1 at 2023-11-20 22:30:30 +0530
Processing by Rails::WelcomeController#index as HTML
  Rendered /home/neelam/.rvm/gems/ruby-2.4.10/gems/railties-4.2.8/lib/rails/templates/rails/welcome/index.html.erb (0.1ms)
Completed 200 OK in 1ms (Views: 1.0ms | ActiveRecord: 0.0ms)


Started GET "/" for 127.0.0.1 at 2023-11-20 22:30:30 +0530
Processing by Rails::WelcomeController#index as HTML
  Rendered /home/neelam/.rvm/gems/ruby-2.4.10/gems/railties-4.2.8/lib/rails/templates/rails/welcome/index.html.erb (0.1ms)
Completed 200 OK in 1ms (Views: 0.9ms | ActiveRecord: 0.0ms)


Started GET "/" for 127.0.0.1 at 2023-11-20 22:30:30 +0530
Processing by Rails::WelcomeController#index as HTML
  Rendered /home/neelam/.rvm/gems/ruby-2.4.10/gems/railties-4.2.8/lib/rails/templates/rails/welcome/index.html.erb (0.1ms)
Completed 200 OK in 1ms (Views: 0.9ms | ActiveRecord: 0.0ms)


Started GET "/" for 127.0.0.1 at 2023-11-20 22:30:30 +0530
Processing by Rails::WelcomeController#index as HTML
  Rendered /home/neelam/.rvm/gems/ruby-2.4.10/gems/railties-4.2.8/lib/rails/templates/rails/welcome/index.html.erb (0.1ms)
Completed 200 OK in 1ms (Views: 1.1ms | ActiveRecord: 0.0ms)


Started GET "/" for 127.0.0.1 at 2023-11-20 22:30:31 +0530
Processing by Rails::WelcomeController#index as HTML
  Rendered /home/neelam/.rvm/gems/ruby-2.4.10/gems/railties-4.2.8/lib/rails/templates/rails/welcome/index.html.erb (0.1ms)
Completed 200 OK in 1ms (Views: 1.0ms | ActiveRecord: 0.0ms)


Started GET "/" for 127.0.0.1 at 2023-11-20 22:30:31 +0530
Processing by Rails::WelcomeController#index as HTML
  Rendered /home/neelam/.rvm/gems/ruby-2.4.10/gems/railties-4.2.8/lib/rails/templates/rails/welcome/index.html.erb (0.1ms)
Completed 200 OK in 1ms (Views: 1.0ms | ActiveRecord: 0.0ms)


Started GET "/" for 127.0.0.1 at 2023-11-20 22:30:31 +0530
Processing by Rails::WelcomeController#index as HTML
  Rendered /home/neelam/.rvm/gems/ruby-2.4.10/gems/railties-4.2.8/lib/rails/templates/rails/welcome/index.html.erb (0.1ms)
Completed 200 OK in 1ms (Views: 0.9ms | ActiveRecord: 0.0ms)


Started GET "/" for 127.0.0.1 at 2023-11-20 22:31:10 +0530
Processing by Rails::WelcomeController#index as HTML
  Rendered /home/neelam/.rvm/gems/ruby-2.4.10/gems/railties-4.2.8/lib/rails/templates/rails/welcome/index.html.erb (0.6ms)
Completed 200 OK in 9ms (Views: 5.9ms | ActiveRecord: 0.0ms)


Started GET "/" for 127.0.0.1 at 2023-11-20 22:31:12 +0530
Processing by Rails::WelcomeController#index as HTML
  Rendered /home/neelam/.rvm/gems/ruby-2.4.10/gems/railties-4.2.8/lib/rails/templates/rails/welcome/index.html.erb (0.1ms)
Completed 200 OK in 1ms (Views: 0.6ms | ActiveRecord: 0.0ms)


Started GET "/rails/info/properties" for 127.0.0.1 at 2023-11-20 22:31:22 +0530
Processing by Rails::InfoController#properties as */*
  [1m[36mActiveRecord::SchemaMigration Load (0.5ms)[0m  [1mSELECT "schema_migrations".* FROM "schema_migrations"[0m
  Rendered /home/neelam/.rvm/gems/ruby-2.4.10/gems/railties-4.2.8/lib/rails/templates/rails/info/properties.html.erb (0.2ms)
Completed 200 OK in 26ms (Views: 6.4ms | ActiveRecord: 2.2ms)


Started GET "/" for 127.0.0.1 at 2023-11-20 22:34:26 +0530
Processing by Rails::WelcomeController#index as HTML
  Rendered /home/neelam/.rvm/gems/ruby-2.4.10/gems/railties-4.2.8/lib/rails/templates/rails/welcome/index.html.erb (0.9ms)
Completed 200 OK in 10ms (Views: 6.5ms | ActiveRecord: 0.0ms)


Started GET "/" for 127.0.0.1 at 2023-11-20 22:34:44 +0530
Processing by Rails::WelcomeController#index as HTML
  Rendered /home/neelam/.rvm/gems/ruby-2.4.10/gems/railties-4.2.8/lib/rails/templates/rails/welcome/index.html.erb (1.2ms)
Completed 200 OK in 11ms (Views: 7.1ms | ActiveRecord: 0.0ms)


Started GET "/" for 127.0.0.1 at 2023-11-20 22:34:47 +0530
Processing by Rails::WelcomeController#index as HTML
  Rendered /home/neelam/.rvm/gems/ruby-2.4.10/gems/railties-4.2.8/lib/rails/templates/rails/welcome/index.html.erb (0.0ms)
Completed 200 OK in 1ms (Views: 0.6ms | ActiveRecord: 0.0ms)


Started GET "/" for 127.0.0.1 at 2023-11-21 14:24:53 +0530
Processing by Rails::WelcomeController#index as HTML
  Rendered /home/neelam/.rvm/gems/ruby-2.4.10/gems/railties-4.2.8/lib/rails/templates/rails/welcome/index.html.erb (1.7ms)
Completed 200 OK in 10ms (Views: 7.5ms | ActiveRecord: 0.0ms)


Started GET "/" for 127.0.0.1 at 2023-11-21 14:31:39 +0530
Processing by Rails::WelcomeController#index as HTML
  Rendered /home/neelam/.rvm/gems/ruby-2.4.10/gems/railties-4.2.8/lib/rails/templates/rails/welcome/index.html.erb (0.7ms)
Completed 200 OK in 9ms (Views: 5.8ms | ActiveRecord: 0.0ms)


Started GET "/" for 127.0.0.1 at 2023-11-21 14:31:41 +0530
Processing by Rails::WelcomeController#index as HTML
  Rendered /home/neelam/.rvm/gems/ruby-2.4.10/gems/railties-4.2.8/lib/rails/templates/rails/welcome/index.html.erb (0.1ms)
Completed 200 OK in 1ms (Views: 1.0ms | ActiveRecord: 0.0ms)
DEPRECATION WARNING: Defining a route where `to` is a controller without an action is deprecated. Please change `to: 'events/index'` to `controller: 'events/index'`. (called from block in <top (required)> at /home/neelam/projects/IterableIntegration/config/routes.rb:8)
DEPRECATION WARNING: Defining a route where `to` is a controller without an action is deprecated. Please change `to: 'events/index'` to `controller: 'events/index'`. (called from block in <top (required)> at /home/neelam/projects/IterableIntegration/config/routes.rb:8)


Started GET "/" for 127.0.0.1 at 2023-11-21 17:57:32 +0530
Processing by EventsController#index as HTML
  Rendered events/index.html.erb within layouts/application (0.5ms)
Completed 200 OK in 297ms (Views: 293.8ms | ActiveRecord: 0.0ms)


Started GET "/assets/events.self-e3b0c44298fc1c149afbf4c8996fb92427ae41e4649b934ca495991b7852b855.css?body=1" for 127.0.0.1 at 2023-11-21 17:57:33 +0530


Started GET "/assets/events.self-877aef30ae1b040ab8a3aba4e3e309a11d7f2612f44dde450b5c157aa5f95c05.js?body=1" for 127.0.0.1 at 2023-11-21 17:57:33 +0530


Started GET "/assets/jquery.self-bd7ddd393353a8d2480a622e80342adf488fb6006d667e8b42e4c0073393abee.js?body=1" for 127.0.0.1 at 2023-11-21 17:57:33 +0530


Started GET "/" for 127.0.0.1 at 2023-11-21 17:59:06 +0530
Processing by EventsController#index as HTML
  Rendered events/index.html.erb within layouts/application (25.5ms)
Completed 500 Internal Server Error in 28ms (ActiveRecord: 0.0ms)

ActionView::Template::Error (undefined local variable or method `create_event_a_path' for #<#<Class:0x000055c64559cb38>:0x00007ff665b4b078>):
     8:   <body>
     9:     <nav>
    10:       <%= link_to 'Home', root_path %>
    11:       <%= link_to 'Create Event A', create_event_a_path %>
    12:       <%= link_to 'Create Event B', create_event_b_path %>
    13:       <!-- Add other navigation links as needed -->
    14:     </nav>
  app/views/events/index.html.erb:11:in `_app_views_events_index_html_erb__854787073771094744_70348122509040'


  Rendered /home/neelam/.rvm/gems/ruby-2.4.10/gems/actionpack-4.2.8/lib/action_dispatch/middleware/templates/rescues/_source.erb (2.7ms)
  Rendered /home/neelam/.rvm/gems/ruby-2.4.10/gems/actionpack-4.2.8/lib/action_dispatch/middleware/templates/rescues/_trace.html.erb (1.3ms)
  Rendered /home/neelam/.rvm/gems/ruby-2.4.10/gems/actionpack-4.2.8/lib/action_dispatch/middleware/templates/rescues/_request_and_response.html.erb (0.6ms)
  Rendered /home/neelam/.rvm/gems/ruby-2.4.10/gems/actionpack-4.2.8/lib/action_dispatch/middleware/templates/rescues/template_error.html.erb within rescues/layout (11.2ms)
  Rendered /home/neelam/.rvm/gems/ruby-2.4.10/gems/web-console-2.3.0/lib/web_console/templates/_markup.html.erb (0.2ms)
  Rendered /home/neelam/.rvm/gems/ruby-2.4.10/gems/web-console-2.3.0/lib/web_console/templates/_inner_console_markup.html.erb within layouts/inlined_string (0.1ms)
  Rendered /home/neelam/.rvm/gems/ruby-2.4.10/gems/web-console-2.3.0/lib/web_console/templates/_prompt_box_markup.html.erb within layouts/inlined_string (0.1ms)
  Rendered /home/neelam/.rvm/gems/ruby-2.4.10/gems/web-console-2.3.0/lib/web_console/templates/style.css.erb within layouts/inlined_string (0.1ms)
  Rendered /home/neelam/.rvm/gems/ruby-2.4.10/gems/web-console-2.3.0/lib/web_console/templates/console.js.erb within layouts/javascript (8.3ms)
  Rendered /home/neelam/.rvm/gems/ruby-2.4.10/gems/web-console-2.3.0/lib/web_console/templates/main.js.erb within layouts/javascript (0.1ms)
  Rendered /home/neelam/.rvm/gems/ruby-2.4.10/gems/web-console-2.3.0/lib/web_console/templates/error_page.js.erb within layouts/javascript (0.2ms)
  Rendered /home/neelam/.rvm/gems/ruby-2.4.10/gems/web-console-2.3.0/lib/web_console/templates/index.html.erb (17.2ms)


Started GET "/" for 127.0.0.1 at 2023-11-21 18:00:24 +0530
Processing by EventsController#index as HTML
  Rendered events/index.html.erb within layouts/application (0.8ms)
Completed 200 OK in 14ms (Views: 13.7ms | ActiveRecord: 0.0ms)


Started GET "/" for 127.0.0.1 at 2023-11-21 18:00:38 +0530
Processing by EventsController#index as HTML
  Rendered events/index.html.erb within layouts/application (1.1ms)
Completed 200 OK in 15ms (Views: 14.5ms | ActiveRecord: 0.0ms)


Started GET "/" for 127.0.0.1 at 2023-11-21 18:00:52 +0530
Processing by EventsController#index as HTML
  Rendered events/index.html.erb within layouts/application (0.6ms)
Completed 200 OK in 11ms (Views: 10.9ms | ActiveRecord: 0.0ms)


Started GET "/events/create_event_a" for 127.0.0.1 at 2023-11-21 18:00:54 +0530
Processing by EventsController#create_event_a as HTML
Completed 200 OK in 910ms (Views: 0.3ms | ActiveRecord: 0.0ms)
